<?xml version="1.0" encoding="UTF-8"?>
<!-- Generated by org.testng.reporters.JUnitReportReporter -->
<testsuite skipped="0" hostname="DESKTOP-KBF4O9F" name="CRMTest.CrmTest9" tests="1" failures="0" timestamp="2020-07-15T20:44:52 CDT" time="31.917" errors="0">
  <testcase name="AddCustomerTest" time="31.917" classname="CRMTest.CrmTest9"/>
  <system-out/>
</testsuite> <!-- CRMTest.CrmTest9 -->
