<?xml version="1.0" encoding="UTF-8"?>
<!-- Generated by org.testng.reporters.JUnitReportReporter -->
<testsuite skipped="0" hostname="DESKTOP-KBF4O9F" name="CRMTest.CrmTest1" tests="1" failures="0" timestamp="2020-07-10T18:21:49 CDT" time="6.644" errors="0">
  <testcase name="init" time="6.644" classname="CRMTest.CrmTest1"/>
  <system-out/>
</testsuite> <!-- CRMTest.CrmTest1 -->
