<?xml version="1.0" encoding="UTF-8"?>
<!-- Generated by org.testng.reporters.JUnitReportReporter -->
<testsuite skipped="0" hostname="DESKTOP-KBF4O9F" name="ElemntLibrary.storeElement" tests="1" failures="0" timestamp="2020-07-09T09:08:11 CDT" time="10.657" errors="0">
  <testcase name="loginSiteDashboard" time="10.657" classname="ElemntLibrary.storeElement"/>
  <system-out/>
</testsuite> <!-- ElemntLibrary.storeElement -->
