<?xml version="1.0" encoding="UTF-8"?>
<!-- Generated by org.testng.reporters.JUnitReportReporter -->
<testsuite skipped="0" hostname="DESKTOP-KBF4O9F" name="CRMTest.CrmTest" tests="1" failures="0" timestamp="2020-07-10T13:27:39 CDT" time="5.823" errors="0">
  <testcase name="loginSiteDashboard" time="5.823" classname="CRMTest.CrmTest"/>
  <system-out/>
</testsuite> <!-- CRMTest.CrmTest -->
