<?xml version="1.0" encoding="UTF-8"?>
<!-- Generated by org.testng.reporters.JUnitReportReporter -->
<testsuite skipped="0" hostname="DESKTOP-KBF4O9F" name="ElemntLibrary.StroreElemnt" tests="1" failures="0" timestamp="2020-07-09T08:51:49 CDT" time="9.897" errors="0">
  <testcase name="loginSiteDashboard" time="9.897" classname="ElemntLibrary.StroreElemnt"/>
  <system-out/>
</testsuite> <!-- ElemntLibrary.StroreElemnt -->
